<?xml version="1.0" encoding="UTF-8"?>
<!-- Generated by org.testng.reporters.JUnitXMLReporter -->
<testsuite ignored="2" hostname="Sivesh" failures="0" tests="1" name="Default test" time="16.442" errors="0" timestamp="2025-12-05T18:43:26 GST">
  <testcase classname="testscripts.AdminusersTest" name="verifyWhetherUserIsAbleToAddANewUser" time="11.84"/>
  <testcase classname="testscripts.AdminusersTest" name="verifyWhetherUserIsAbleToResetTheUserList" time="0.0">
    <ignored/>
  </testcase> <!-- verifyWhetherUserIsAbleToResetTheUserList -->
  <testcase classname="testscripts.AdminusersTest" name="verifyWhetherUserIsAbleToSearchTheNewlyAddedUser" time="0.0">
    <ignored/>
  </testcase> <!-- verifyWhetherUserIsAbleToSearchTheNewlyAddedUser -->
</testsuite> <!-- Default test -->
