<?xml version="1.0" encoding="UTF-8"?>
<!-- Generated by org.testng.reporters.JUnitReportReporter -->
<testsuite hostname="Sivesh" failures="0" tests="2" name="testscripts.LoginTest" time="13.692" errors="0" timestamp="2025-12-17T16:26:55 GST" skipped="0">
  <testcase classname="testscripts.LoginTest" name="verifyWhetherUserIsAbleToLoginWithInValidUsernameAndInValidPassword" time="4.792"/>
  <testcase classname="testscripts.LoginTest" name="verifyWhetherUserIsAbleToLoginWithInValidUsernameAndInValidPassword" time="8.900"/>
</testsuite> <!-- testscripts.LoginTest -->
