<?xml version="1.0" encoding="UTF-8"?>
<!-- Generated by org.testng.reporters.JUnitReportReporter -->
<testsuite hostname="Sivesh" failures="0" tests="3" name="testscripts.ManageNewsTest" time="85.318" errors="0" timestamp="2025-12-10T19:55:05 GST" skipped="0">
  <testcase classname="testscripts.ManageNewsTest" name="verifyWhetherUserIsAbleToAddANewNews" time="22.130"/>
  <testcase classname="testscripts.ManageNewsTest" name="verifyWhetherUserIsAbleToSearchTheNewlyAddedUser" time="12.115"/>
  <testcase classname="testscripts.ManageNewsTest" name="verifyWhetherUserIsAbleToResetTheNewsList" time="51.073"/>
</testsuite> <!-- testscripts.ManageNewsTest -->
