<?xml version="1.0" encoding="UTF-8"?>
<!-- Generated by org.testng.reporters.JUnitReportReporter -->
<testsuite hostname="Sivesh" failures="0" tests="2" name="testscripts.LoginTest" time="16.464" errors="0" timestamp="2025-12-11T20:08:08 GST" skipped="0">
  <testcase classname="testscripts.LoginTest" name="verifyWhetherUserIsAbleToLoginWithValidCredential" time="10.194"/>
  <testcase classname="testscripts.LoginTest" name="verifyWhetherUserIsAbleToLoginWithInValidUsernameAndInValidPassword" time="6.270"/>
</testsuite> <!-- testscripts.LoginTest -->
