<?xml version="1.0" encoding="UTF-8"?>
<!-- Generated by org.testng.reporters.JUnitReportReporter -->
<testsuite hostname="Sivesh" failures="0" tests="2" name="testscripts.HomeTest" time="37.870" errors="0" timestamp="2025-12-12T14:59:43 GST" skipped="0">
  <testcase classname="testscripts.HomeTest" name="verifyWhetherUserIsAbleToSuccessfullyLogout" time="19.397"/>
  <testcase classname="testscripts.HomeTest" name="verifyWhetherUserIsAbleToSuccessfullyLogout" time="18.473"/>
</testsuite> <!-- testscripts.HomeTest -->
