<?xml version="1.0" encoding="UTF-8"?>
<!-- Generated by org.testng.reporters.JUnitXMLReporter -->
<testsuite ignored="0" hostname="Sivesh" failures="1" tests="3" name="Test" time="15.728" errors="0" timestamp="2025-12-10T20:34:06 GST">
  <testcase classname="testscripts.HomeTest" name="verifyWhetherUserIsAbleToSuccessfullyLogout" time="4.115">
    <skipped/>
  </testcase> <!-- verifyWhetherUserIsAbleToSuccessfullyLogout -->
  <testcase classname="testscripts.HomeTest" name="verifyWhetherUserIsAbleToSuccessfullyLogout" time="0.157">
    <skipped/>
  </testcase> <!-- verifyWhetherUserIsAbleToSuccessfullyLogout -->
  <testcase classname="testscripts.HomeTest" name="verifyWhetherUserIsAbleToSuccessfullyLogout" time="0.142">
    <failure type="java.lang.NullPointerException" message="Cannot invoke &amp;quot;org.apache.poi.xssf.usermodel.XSSFRow.getCell(int)&amp;quot; because &amp;quot;r&amp;quot; is null">
      <![CDATA[java.lang.NullPointerException: Cannot invoke "org.apache.poi.xssf.usermodel.XSSFRow.getCell(int)" because "r" is null
at utilities.ExcelUtility.getStringData(ExcelUtility.java:21)
at testscripts.HomeTest.verifyWhetherUserIsAbleToSuccessfullyLogout(HomeTest.java:16)
at java.base/java.util.ArrayList.forEach(ArrayList.java:1596)
... Removed 25 stack frames]]>
    </failure>
  </testcase> <!-- verifyWhetherUserIsAbleToSuccessfullyLogout -->
</testsuite> <!-- Test -->
