<?xml version="1.0" encoding="UTF-8"?>
<!-- Generated by org.testng.reporters.JUnitXMLReporter -->
<testsuite ignored="3" hostname="Sivesh" failures="0" tests="2" name="Test" time="13.842" errors="0" timestamp="2025-12-17T16:26:54 GST">
  <testcase classname="testscripts.LoginTest" name="verifyWhetherUserIsAbleToLoginWithInValidUsernameAndInValidPassword" time="1.498"/>
  <testcase classname="testscripts.LoginTest" name="verifyWhetherUserIsAbleToLoginWithInValidUsernameAndInValidPassword" time="1.224"/>
  <testcase classname="testscripts.LoginTest" name="verifyWhetherUserIsAbleToLoginWithValidUsernameAndInvalidPassword" time="0.0">
    <ignored/>
  </testcase> <!-- verifyWhetherUserIsAbleToLoginWithValidUsernameAndInvalidPassword -->
  <testcase classname="testscripts.LoginTest" name="verifyWhetherUserIsAbleToLoginWithInvalidUsernameAndValidPassword" time="0.0">
    <ignored/>
  </testcase> <!-- verifyWhetherUserIsAbleToLoginWithInvalidUsernameAndValidPassword -->
  <testcase classname="testscripts.LoginTest" name="verifyWhetherUserIsAbleToLoginWithValidCredential" time="0.0">
    <ignored/>
  </testcase> <!-- verifyWhetherUserIsAbleToLoginWithValidCredential -->
</testsuite> <!-- Test -->
