<?xml version="1.0" encoding="UTF-8"?>
<testng-results ignored="0" total="1" passed="1" failed="0" skipped="0">
  <reporter-output>
  </reporter-output>
  <suite started-at="2025-11-26T15:09:13 GST" name="Default suite" finished-at="2025-11-26T15:09:17 GST" duration-ms="4370">
    <groups>
    </groups>
    <test started-at="2025-11-26T15:09:13 GST" name="Default test" finished-at="2025-11-26T15:09:17 GST" duration-ms="4370">
      <class name="testscripts.LoginTest">
        <test-method is-config="true" signature="initializeBrowser()[pri:0, instance:testscripts.LoginTest@4562e04d]" started-at="2025-11-26T15:09:13 GST" name="initializeBrowser" finished-at="2025-11-26T15:09:16 GST" duration-ms="2683" status="PASS">
          <reporter-output>
          </reporter-output>
        </test-method> <!-- initializeBrowser -->
        <test-method signature="verifyWhetherUserIsAbleToLoginWithInValidUsernameAndInValidPassword()[pri:0, instance:testscripts.LoginTest@4562e04d]" started-at="2025-11-26T15:09:16 GST" name="verifyWhetherUserIsAbleToLoginWithInValidUsernameAndInValidPassword" finished-at="2025-11-26T15:09:17 GST" duration-ms="1636" status="PASS">
          <reporter-output>
          </reporter-output>
        </test-method> <!-- verifyWhetherUserIsAbleToLoginWithInValidUsernameAndInValidPassword -->
        <test-method is-config="true" signature="browserCloseAndQuit()[pri:0, instance:testscripts.LoginTest@4562e04d]" started-at="2025-11-26T15:09:17 GST" name="browserCloseAndQuit" finished-at="2025-11-26T15:09:17 GST" duration-ms="0" status="PASS">
          <reporter-output>
          </reporter-output>
        </test-method> <!-- browserCloseAndQuit -->
      </class> <!-- testscripts.LoginTest -->
    </test> <!-- Default test -->
  </suite> <!-- Default suite -->
</testng-results>
