<?xml version="1.0" encoding="UTF-8"?>
<testng-results ignored="0" total="1" passed="1" failed="0" skipped="0">
  <reporter-output>
  </reporter-output>
  <suite started-at="2025-12-05T18:43:09 GST" name="Default suite" finished-at="2025-12-05T18:43:26 GST" duration-ms="16442">
    <groups>
    </groups>
    <test started-at="2025-12-05T18:43:09 GST" name="Default test" finished-at="2025-12-05T18:43:26 GST" duration-ms="16442">
      <class name="testscripts.AdminusersTest">
        <test-method is-config="true" signature="initializeBrowser()[pri:0, instance:testscripts.AdminusersTest@128d2484]" started-at="2025-12-05T18:43:10 GST" name="initializeBrowser" finished-at="2025-12-05T18:43:14 GST" duration-ms="4235" status="PASS">
          <reporter-output>
          </reporter-output>
        </test-method> <!-- initializeBrowser -->
        <test-method signature="verifyWhetherUserIsAbleToAddANewUser()[pri:0, instance:testscripts.AdminusersTest@128d2484]" started-at="2025-12-05T18:43:14 GST" name="verifyWhetherUserIsAbleToAddANewUser" finished-at="2025-12-05T18:43:26 GST" duration-ms="11840" status="PASS">
          <reporter-output>
          </reporter-output>
        </test-method> <!-- verifyWhetherUserIsAbleToAddANewUser -->
        <test-method is-config="true" signature="driverQuit(org.testng.ITestResult)[pri:0, instance:testscripts.AdminusersTest@128d2484]" started-at="2025-12-05T18:43:26 GST" name="driverQuit" finished-at="2025-12-05T18:43:26 GST" duration-ms="317" status="PASS">
          <params>
            <param index="0">
              <value>
                <![CDATA[[TestResult name=verifyWhetherUserIsAbleToAddANewUser status=SUCCESS method=AdminusersTest.verifyWhetherUserIsAbleToAddANewUser()[pri:0, instance:testscripts.AdminusersTest@128d2484] output={null}]]]>
              </value>
            </param>
          </params>
          <reporter-output>
          </reporter-output>
        </test-method> <!-- driverQuit -->
      </class> <!-- testscripts.AdminusersTest -->
    </test> <!-- Default test -->
  </suite> <!-- Default suite -->
</testng-results>
