<?xml version="1.0" encoding="UTF-8"?>
<testng-results ignored="0" total="2" passed="2" failed="0" skipped="0">
  <reporter-output>
  </reporter-output>
  <suite started-at="2025-12-17T16:26:40 GST" name="Suite" finished-at="2025-12-17T16:26:54 GST" duration-ms="13842">
    <groups>
      <group name="smoke">
        <method signature="LoginTest.verifyWhetherUserIsAbleToLoginWithInValidUsernameAndInValidPassword(java.lang.String,java.lang.String)[pri:4, instance:testscripts.LoginTest@23941fb4]" name="verifyWhetherUserIsAbleToLoginWithInValidUsernameAndInValidPassword" class="testscripts.LoginTest"/>
      </group> <!-- smoke -->
    </groups>
    <test started-at="2025-12-17T16:26:40 GST" name="Test" finished-at="2025-12-17T16:26:54 GST" duration-ms="13842">
      <class name="testscripts.LoginTest">
        <test-method is-config="true" signature="initializeBrowser(java.lang.String)[pri:0, instance:testscripts.LoginTest@23941fb4]" started-at="2025-12-17T16:26:40 GST" name="initializeBrowser" finished-at="2025-12-17T16:26:47 GST" duration-ms="7267" status="PASS">
          <params>
            <param index="0">
              <value>
                <![CDATA[chrome]]>
              </value>
            </param>
          </params>
          <reporter-output>
          </reporter-output>
        </test-method> <!-- initializeBrowser -->
        <test-method signature="verifyWhetherUserIsAbleToLoginWithInValidUsernameAndInValidPassword(java.lang.String,java.lang.String)[pri:4, instance:testscripts.LoginTest@23941fb4]" started-at="2025-12-17T16:26:47 GST" name="verifyWhetherUserIsAbleToLoginWithInValidUsernameAndInValidPassword" description="verify Login With InvalidUsername And InvalidPassword" data-provider="loginProvider" finished-at="2025-12-17T16:26:49 GST" duration-ms="1498" status="PASS">
          <params>
            <param index="0">
              <value>
                <![CDATA[admin]]>
              </value>
            </param>
            <param index="1">
              <value>
                <![CDATA[admin22]]>
              </value>
            </param>
          </params>
          <reporter-output>
          </reporter-output>
        </test-method> <!-- verifyWhetherUserIsAbleToLoginWithInValidUsernameAndInValidPassword -->
        <test-method is-config="true" signature="driverQuit(org.testng.ITestResult)[pri:0, instance:testscripts.LoginTest@23941fb4]" started-at="2025-12-17T16:26:49 GST" name="driverQuit" finished-at="2025-12-17T16:26:49 GST" duration-ms="409" status="PASS">
          <params>
            <param index="0">
              <value>
                <![CDATA[[TestResult name=verifyWhetherUserIsAbleToLoginWithInValidUsernameAndInValidPassword status=SUCCESS method=LoginTest.verifyWhetherUserIsAbleToLoginWithInValidUsernameAndInValidPassword(java.lang.String,java.lang.String)[pri:4, instance:testscripts.LoginTest@23941fb4] output={null}]]]>
              </value>
            </param>
          </params>
          <reporter-output>
          </reporter-output>
        </test-method> <!-- driverQuit -->
        <test-method is-config="true" signature="initializeBrowser(java.lang.String)[pri:0, instance:testscripts.LoginTest@23941fb4]" started-at="2025-12-17T16:26:49 GST" name="initializeBrowser" finished-at="2025-12-17T16:26:52 GST" duration-ms="2945" status="PASS">
          <params>
            <param index="0">
              <value>
                <![CDATA[chrome]]>
              </value>
            </param>
          </params>
          <reporter-output>
          </reporter-output>
        </test-method> <!-- initializeBrowser -->
        <test-method signature="verifyWhetherUserIsAbleToLoginWithInValidUsernameAndInValidPassword(java.lang.String,java.lang.String)[pri:4, instance:testscripts.LoginTest@23941fb4]" started-at="2025-12-17T16:26:52 GST" name="verifyWhetherUserIsAbleToLoginWithInValidUsernameAndInValidPassword" description="verify Login With InvalidUsername And InvalidPassword" data-provider="loginProvider" finished-at="2025-12-17T16:26:53 GST" duration-ms="1224" status="PASS">
          <params>
            <param index="0">
              <value>
                <![CDATA[admin123]]>
              </value>
            </param>
            <param index="1">
              <value>
                <![CDATA[123]]>
              </value>
            </param>
          </params>
          <reporter-output>
          </reporter-output>
        </test-method> <!-- verifyWhetherUserIsAbleToLoginWithInValidUsernameAndInValidPassword -->
        <test-method is-config="true" signature="driverQuit(org.testng.ITestResult)[pri:0, instance:testscripts.LoginTest@23941fb4]" started-at="2025-12-17T16:26:53 GST" name="driverQuit" finished-at="2025-12-17T16:26:54 GST" duration-ms="349" status="PASS">
          <params>
            <param index="0">
              <value>
                <![CDATA[[TestResult name=verifyWhetherUserIsAbleToLoginWithInValidUsernameAndInValidPassword status=SUCCESS method=LoginTest.verifyWhetherUserIsAbleToLoginWithInValidUsernameAndInValidPassword(java.lang.String,java.lang.String)[pri:4, instance:testscripts.LoginTest@23941fb4] output={null}]]]>
              </value>
            </param>
          </params>
          <reporter-output>
          </reporter-output>
        </test-method> <!-- driverQuit -->
      </class> <!-- testscripts.LoginTest -->
    </test> <!-- Test -->
  </suite> <!-- Suite -->
</testng-results>
