<?xml version="1.0" encoding="UTF-8"?>
<!-- Generated by org.testng.reporters.JUnitXMLReporter -->
<testsuite ignored="0" hostname="Sivesh" failures="0" tests="3" name="Test1" time="30.639" errors="0" timestamp="2025-12-19T16:02:54 GST">
  <testcase classname="testscripts.AdminusersTest" name="verifyWhetherUserIsAbleToAddANewUser" time="11.679"/>
  <testcase classname="testscripts.AdminusersTest" name="verifyWhetherUserIsAbleToSearchTheNewlyAddedUser" time="4.328"/>
  <testcase classname="testscripts.AdminusersTest" name="verifyWhetherUserIsAbleToResetTheUserList" time="3.682"/>
</testsuite> <!-- Test1 -->
